Mono path[0] = 'C:/Users/charles669402/Downloads/Mon.Bazou.Build.13717139/Mon.Bazou.Build.13717139/Mon Bazou_Data/Managed'
Mono config path = 'C:/Users/charles669402/Downloads/Mon.Bazou.Build.13717139/Mon.Bazou.Build.13717139/MonoBleedingEdge/etc'
Initialize engine version: 2021.2.16f1 (559fc0ec6670)
[Subsystems] Discovering subsystems at path C:/Users/charles669402/Downloads/Mon.Bazou.Build.13717139/Mon.Bazou.Build.13717139/Mon Bazou_Data/UnitySubsystems
GfxDevice: creating device client; threaded=1; jobified=1
Direct3D:
    Version:  Direct3D 11.0 [level 11.1]
    Renderer: Intel(R) Iris(R) Xe Graphics (ID=0x9a49)
    Vendor:   Intel
    VRAM:     8056 MB
    Driver:   31.0.101.4575
Begin MonoManager ReloadAssembly
- Completed reload, in  0.650 seconds
<RI> Initializing input.
New input system (experimental) initialized
XInput1_3.dll not found. Trying XInput9_1_0.dll instead...
<RI> Input initialized.
<RI> Initialized touch support.
UnloadTime: 1.116800 ms
Unloading 6 Unused Serialized files (Serialized files now loaded: 0)




UnloadTime: 0.269300 ms
Unloading 6 unused Assets to reduce memory usage. Loaded Objects now: 11408.
Total: 3.757200 ms (FindLiveObjects: 0.414200 ms CreateObjectMapping: 0.171300 ms MarkObjects: 3.139000 ms  DeleteObjects: 0.032400 ms)

The Locale 'en-AU' is not available, however the parent locale 'en' is available.
Couldn't create a Convex Mesh from source mesh "Engine_Intake" within the maximum polygons limit (256). The partial hull will be used. Consider simplifying your mesh.






























Unloading 6 Unused Serialized files (Serialized files now loaded: 3)
UnloadTime: 29.345900 ms
Unloading 355 unused Assets to reduce memory usage. Loaded Objects now: 87883.
Total: 30.231700 ms (FindLiveObjects: 5.681400 ms CreateObjectMapping: 1.928700 ms MarkObjects: 20.547500 ms  DeleteObjects: 2.072400 ms)

